make: aocl: Command not found
make: aocl: Command not found
xocc -g -R 2 -s --platform=alpha-data_adm-pcie-8k5_dynamic_5_0 --memory_port_data_width all:512 -c device/SAXPY4_dataflow.cl -o SAXPY4_dataflow.xo

****** xocc v2018.3 (64-bit)
  **** SW Build 2405991 on Thu Dec  6 23:36:41 MST 2018
    ** Copyright 1986-2018 Xilinx, Inc. All Rights Reserved.

Attempting to get a license: ap_opencl
INFO: [XOCC 17-1540] The version limit for your license is '2018.12' and has expired for new software. A version limit expiration means that, although you may be able to continue to use the current version of tools or IP with this license, you will not be eligible for any updates or new releases.
Feature available: ap_opencl
INFO: [XOCC 60-1306] Additional information associated with this xocc compile can be found at:
	Reports: /upb/scratch/departments/pc2/groups/pc2-mitarbeiter/kenter/gitlab/OpenCL-FPGA-examples/_x/reports/SAXPY4_dataflow
	Log files: /upb/scratch/departments/pc2/groups/pc2-mitarbeiter/kenter/gitlab/OpenCL-FPGA-examples/_x/logs/SAXPY4_dataflow
INFO: [XOCC 60-585] Compiling for hardware target
Running SDx Rule Check Server on port:36250
INFO: [XOCC 60-895]   Target platform: /opt/Xilinx/SDx/2018.3/platforms/alpha-data_adm-pcie-8k5_dynamic_5_0/alpha-data_adm-pcie-8k5_dynamic_5_0.xpfm
INFO: [XOCC 60-423]   Target device: alpha-data_adm-pcie-8k5_dynamic_5_0
INFO: [XOCC 60-242] Creating kernel: 'SAXPY'

===>The following messages were generated while  performing high-level synthesis for kernel: SAXPY Log file: /upb/scratch/departments/pc2/groups/pc2-mitarbeiter/kenter/gitlab/OpenCL-FPGA-examples/_x/SAXPY4_dataflow/SAXPY/vivado_hls.log :
INFO: [XOCC 204-61] Option 'relax_ii_for_timing' is enabled, will increase II to preserve clock frequency constraints.
ERROR: [XOCC 203-711] Bundled bus interface gmem failed dataflow checking: it cannot read data in multiple processes.
ERROR: [XOCC 203-711] Bundled bus interface gmem has read operations in function:  'SAXPY_proc.1.1' and 'SAXPY_proc.1.1.2'.
ERROR: [XOCC 200-70] Pre-synthesis failed.
ERROR: [XOCC 60-300] Failed to build kernel(ip) SAXPY, see log for details: /upb/scratch/departments/pc2/groups/pc2-mitarbeiter/kenter/gitlab/OpenCL-FPGA-examples/_x/SAXPY4_dataflow/SAXPY/vivado_hls.log
ERROR: [XOCC 60-599] Kernel compilation failed to complete
ERROR: [XOCC 60-592] Failed to finish compilation
make: *** [reportXilinx-SAXPY4_dataflow] Error 1
