Attempting to get a license: ap_opencl
INFO: [XOCC 17-1540] The version limit for your license is '2018.12' and has expired for new software. A version limit expiration means that, although you may be able to continue to use the current version of tools or IP with this license, you will not be eligible for any updates or new releases.
Feature available: ap_opencl
INFO: [XOCC 60-1306] Additional information associated with this xocc compile can be found at:
	Reports: /upb/scratch/departments/pc2/groups/pc2-mitarbeiter/kenter/gitlab/OpenCL-FPGA-examples/_x/reports/mmult
	Log files: /upb/scratch/departments/pc2/groups/pc2-mitarbeiter/kenter/gitlab/OpenCL-FPGA-examples/_x/logs/mmult
INFO: [XOCC 60-585] Compiling for hardware target
INFO: [XOCC 60-895]   Target platform: /opt/Xilinx/SDx/2018.3/platforms/alpha-data_adm-pcie-8k5_dynamic_5_0/alpha-data_adm-pcie-8k5_dynamic_5_0.xpfm
INFO: [XOCC 60-423]   Target device: alpha-data_adm-pcie-8k5_dynamic_5_0
INFO: [XOCC 60-242] Creating kernel: 'mmult'

===>The following messages were generated while  performing high-level synthesis for kernel: mmult Log file: /upb/scratch/departments/pc2/groups/pc2-mitarbeiter/kenter/gitlab/OpenCL-FPGA-examples/_x/mmult/mmult/vivado_hls.log :
INFO: [XOCC 204-61] Option 'relax_ii_for_timing' is enabled, will increase II to preserve clock frequency constraints.
INFO: [XOCC 204-61] Pipelining loop 'readA'.
INFO: [XOCC 204-61] Pipelining result : Target II = 1, Final II = 1, Depth = 74.
INFO: [XOCC 204-61] Pipelining loop 'readB'.
INFO: [XOCC 204-61] Pipelining result : Target II = 1, Final II = 1, Depth = 74.
INFO: [XOCC 204-61] Pipelining loop 'systolic1'.
INFO: [XOCC 204-61] Pipelining result : Target II = 1, Final II = 1, Depth = 8.
INFO: [XOCC 204-61] Pipelining loop 'writeC'.
INFO: [XOCC 204-61] Pipelining result : Target II = 1, Final II = 1, Depth = 73.
INFO: [XOCC 60-594] Finished kernel compilation
INFO: [XOCC 60-244] Generating system estimate report...
INFO: [XOCC 60-1092] Generated system estimate report: /upb/scratch/departments/pc2/groups/pc2-mitarbeiter/kenter/gitlab/OpenCL-FPGA-examples/_x/reports/mmult/system_estimate_mmult.xtxt
INFO: [XOCC 60-586] Created mmult.xo
INFO: [XOCC 60-791] Total elapsed time: 0h 1m 2s
