# 
# Steps log generated by SDx
# This log file contains a collection of steps that describe the kernel compilation flow
# Note: Some steps are tagged as internal, these steps are for debugging purposes and 
#       are not expected to be able to run independently.
# 

# The following environment variables are set when running xocc
Environment variables :
------------------------------------------
MANPATH=:/eda/synopsys/2016-17/RHELx86/VCSMX_2016.06-SP2/doc/man
_RDI_DONT_SET_XILINX_AS_PATH=True
NANO=/upb/scratch/departments/pc2/groups/pc2-mitarbeiter/kenter/gitlab/nanoA/OpenCL/nanofdDiskComplete
_ModuleTable003_=L29wZW5tcGkvMS4xMC40IixbImRlZmF1bHQiXT0xLFsiZnVsbE5hbWUiXT0ib3Blbm1waS8xLjEwLjQiLFsibG9hZE9yZGVyIl09NSxwcm9wVD17fSxbInNob3J0Il09Im9wZW5tcGkiLFsic3RhdHVzIl09ImFjdGl2ZSIsfSxwYzJmcz17WyJGTiJdPSIvb3B0L29ocGMvcHViL21vZHVsZWZpbGVzL3BjMmZzL3BjMmZzIixbImRlZmF1bHQiXT0xLFsiZnVsbE5hbWUiXT0icGMyZnMvcGMyZnMiLFsibG9hZE9yZGVyIl09Mixwcm9wVD17fSxbInNob3J0Il09InBjMmZzIixbInN0YXR1cyJdPSJhY3RpdmUiLH0sfSxtcGF0aEE9eyIvb3B0L29ocGMvcHViL21vZHVsZWRlcHMvZ251LW9wZW5tcGkiLCIvb3B0L29ocGMvcHViL21vZHVsZWRlcHMvZ251IiwiL29wdC9vaHBjL2FkbWlu
HOSTNAME=fe-1.cc.pc2.uni-paderborn.de
XILINX_DSP=
SHELL=/bin/bash
TERM=xterm-256color
NFSSCRATCH=/upb/scratch/departments/pc2/groups/pc2-mitarbeiter/kenter
MAKEFLAGS=
HISTSIZE=1000
LMOD_DEFAULT_MODULEPATH=/opt/ohpc/admin/lmod/lmod/modulefiles:/opt/ohpc/pub/modulefiles
SSH_CLIENT=131.234.217.101 57902 22
DESIGNWARE_HOME=/eda/synopsys/2016-17/RHELx86/CORETOOLS_2016.09-SP2-2/DW
MYVIVADO=
PC2DATA=/upb/departments/pc2/groups
VCS_TARGET_ARCH=amd64
LMOD_PKG=/opt/ohpc/admin/lmod/lmod
PC2SCRATCH=/upb/scratch/departments/pc2/groups
RDI_TPS_ROOT=/opt/Xilinx/Vivado/2018.3/tps/lnx64
QSYS_ROOTDIR=/opt/intelFPGA_pro/18.1/qsys/bin
QTDIR=/usr/lib64/qt-3.3
HDI_PROCESSOR=x86_64
GITLAB=/upb/scratch/departments/pc2/groups/pc2-mitarbeiter/kenter/gitlab/
LMOD_VERSION=6.5.11
QTINC=/usr/lib64/qt-3.3/include
SYNTH_COMMON=/opt/Xilinx/SDx/2018.3/scripts/rt/data
SSH_TTY=/dev/pts/1
RDI_JAVA_VERSION=9.0.4
RT_TCL_PATH=/opt/Xilinx/SDx/2018.3/scripts/rt/base_tcl/tcl
RDI_PREPEND_PATH=/opt/Xilinx/SDK/2018.3/bin
QT_GRAPHICSSYSTEM_CHECKED=1
RDI_OPT_EXT=.o
USER=kenter
LS_COLORS=rs=0:di=38;5;27:ln=38;5;51:mh=44;38;5;15:pi=40;38;5;11:so=38;5;13:do=38;5;5:bd=48;5;232;38;5;11:cd=48;5;232;38;5;3:or=48;5;232;38;5;9:mi=05;48;5;232;38;5;15:su=48;5;196;38;5;15:sg=48;5;11;38;5;16:ca=48;5;196;38;5;226:tw=48;5;10;38;5;16:ow=48;5;10;38;5;21:st=48;5;21;38;5;15:ex=38;5;34:*.tar=38;5;9:*.tgz=38;5;9:*.arc=38;5;9:*.arj=38;5;9:*.taz=38;5;9:*.lha=38;5;9:*.lz4=38;5;9:*.lzh=38;5;9:*.lzma=38;5;9:*.tlz=38;5;9:*.txz=38;5;9:*.tzo=38;5;9:*.t7z=38;5;9:*.zip=38;5;9:*.z=38;5;9:*.Z=38;5;9:*.dz=38;5;9:*.gz=38;5;9:*.lrz=38;5;9:*.lz=38;5;9:*.lzo=38;5;9:*.xz=38;5;9:*.bz2=38;5;9:*.bz=38;5;9:*.tbz=38;5;9:*.tbz2=38;5;9:*.tz=38;5;9:*.deb=38;5;9:*.rpm=38;5;9:*.jar=38;5;9:*.war=38;5;9:*.ear=38;5;9:*.sar=38;5;9:*.rar=38;5;9:*.alz=38;5;9:*.ace=38;5;9:*.zoo=38;5;9:*.cpio=38;5;9:*.7z=38;5;9:*.rz=38;5;9:*.cab=38;5;9:*.jpg=38;5;13:*.jpeg=38;5;13:*.gif=38;5;13:*.bmp=38;5;13:*.pbm=38;5;13:*.pgm=38;5;13:*.ppm=38;5;13:*.tga=38;5;13:*.xbm=38;5;13:*.xpm=38;5;13:*.tif=38;5;13:*.tiff=38;5;13:*.png=38;5;13:*.svg=38;5;13:*.svgz=38;5;13:*.mng=38;5;13:*.pcx=38;5;13:*.mov=38;5;13:*.mpg=38;5;13:*.mpeg=38;5;13:*.m2v=38;5;13:*.mkv=38;5;13:*.webm=38;5;13:*.ogm=38;5;13:*.mp4=38;5;13:*.m4v=38;5;13:*.mp4v=38;5;13:*.vob=38;5;13:*.qt=38;5;13:*.nuv=38;5;13:*.wmv=38;5;13:*.asf=38;5;13:*.rm=38;5;13:*.rmvb=38;5;13:*.flc=38;5;13:*.avi=38;5;13:*.fli=38;5;13:*.flv=38;5;13:*.gl=38;5;13:*.dl=38;5;13:*.xcf=38;5;13:*.xwd=38;5;13:*.yuv=38;5;13:*.cgm=38;5;13:*.emf=38;5;13:*.axv=38;5;13:*.anx=38;5;13:*.ogv=38;5;13:*.ogx=38;5;13:*.aac=38;5;45:*.au=38;5;45:*.flac=38;5;45:*.mid=38;5;45:*.midi=38;5;45:*.mka=38;5;45:*.mp3=38;5;45:*.mpc=38;5;45:*.ogg=38;5;45:*.ra=38;5;45:*.wav=38;5;45:*.axa=38;5;45:*.oga=38;5;45:*.spx=38;5;45:*.xspf=38;5;45:
MTI_HOME=/eda/mentor/2016-17/RHELx86/QUESTA-CORE-PRIME_10.5c-4/questasim
LD_LIBRARY_PATH=/opt/Xilinx/SDx/2018.3/lib/lnx64.o/Default:/opt/Xilinx/SDx/2018.3/lib/lnx64.o:/opt/Xilinx/SDx/2018.3/tps/lnx64/jre9.0.4/lib/:/opt/Xilinx/SDx/2018.3/tps/lnx64/jre9.0.4/lib//server:/opt/Xilinx/SDx/2018.3/lib/lnx64.o/Default:/opt/Xilinx/SDx/2018.3/lib/lnx64.o:/opt/Xilinx/SDx/2018.3/lib/lnx64.o/Default:/opt/Xilinx/SDx/2018.3/lib/lnx64.o:/opt/Xilinx/SDx/2018.3/runtime/lib/x86_64:/opt/ohpc/pub/mpi/openmpi-gnu/1.10.4/lib:/opt/ohpc/pub/compiler/gcc/5.4.0/lib64:/opt/Xilinx/SDx/2018.3/bin/../lnx64/tools/dot/lib
RDI_PATCHROOT=
TCL_LIBRARY=/opt/Xilinx/SDx/2018.3/tps/tcl/tcl8.5
HARPHOME=/harp2/k/kenter
_ModuleTable004_=L2xtb2QvbG1vZC9tb2R1bGVmaWxlcyIsIi9vcHQvb2hwYy9wdWIvbW9kdWxlZmlsZXMiLH0sWyJzeXN0ZW1CYXNlTVBBVEgiXT0iL29wdC9vaHBjL2FkbWluL2xtb2QvbG1vZC9tb2R1bGVmaWxlczovb3B0L29ocGMvcHViL21vZHVsZWZpbGVzIixbInZlcnNpb24iXT0yLH0=
RDI_PLATFORM=lnx64
INTELFPGAOCLSDKROOT=/opt/intelFPGA_pro/18.1/hld
MAKELEVEL=1
BOOST=/upb/scratch/departments/pc2/groups/pc2-mitarbeiter/kenter/boost/boost_1_65_1/
RDI_BUILD=yes
BLUESPECDIR=/opt/Bluespec/Bluespec-2016.07.beta1/lib
MFLAGS=
RT_LIBPATH=/opt/Xilinx/SDx/2018.3/scripts/rt/data
LMOD_PREPEND_BLOCK=normal
RDI_LIBDIR=/opt/Xilinx/SDx/2018.3/lib/lnx64.o/Default:/opt/Xilinx/SDx/2018.3/lib/lnx64.o
_ModuleTable001_=X01vZHVsZVRhYmxlXz17WyJhY3RpdmVTaXplIl09NSxiYXNlTXBhdGhBPXsiL29wdC9vaHBjL2FkbWluL2xtb2QvbG1vZC9tb2R1bGVmaWxlcyIsIi9vcHQvb2hwYy9wdWIvbW9kdWxlZmlsZXMiLH0sWyJjX3JlYnVpbGRUaW1lIl09ZmFsc2UsWyJjX3Nob3J0VGltZSJdPWZhbHNlLGZhbWlseT17WyJNUEkiXT0ib3Blbm1waSIsWyJjb21waWxlciJdPSJnbnUiLH0saW5hY3RpdmU9e30sbVQ9e1siZGVmYXVsdC1lbnZpcm9ubWVudCJdPXtbIkZOIl09Ii9vcHQvb2hwYy9wdWIvbW9kdWxlZmlsZXMvZGVmYXVsdC1lbnZpcm9ubWVudCIsWyJkZWZhdWx0Il09MCxbImZ1bGxOYW1lIl09ImRlZmF1bHQtZW52aXJvbm1lbnQiLFsibG9hZE9yZGVyIl09Myxwcm9wVD17fSxbInNob3J0
PATH=/opt/Xilinx/Vivado/2018.3/tps/lnx64/binutils-2.26/bin:/opt/Xilinx/SDK/2018.3/gnu/aarch64/lin/aarch64-linux/bin:/opt/Xilinx/SDx/2018.3/bin/../gnu/ppc64le/4.9.3/lnx64/bin:/opt/Xilinx/SDK/2018.3/gnu/aarch32/lin/gcc-arm-linux-gnueabi/bin:/opt/Xilinx/Vivado/2018.3/tps/lnx64/gcc-6.2.0/bin:/opt/Xilinx/SDx/2018.3/bin:/opt/Xilinx/SDx/2018.3/tps/lnx64/jre9.0.4/bin:/opt/Xilinx/SDK/2018.3/bin:/opt/Xilinx/Vivado/2018.3/bin:/opt/Xilinx/SDK/2018.3/gnu/microblaze/lin/bin:/opt/Xilinx/SDK/2018.3/gnu/arm/lin/bin:/opt/Xilinx/SDK/2018.3/gnu/microblaze/linux_toolchain/lin64_le/bin:/opt/Xilinx/SDK/2018.3/gnu/aarch32/lin/gcc-arm-linux-gnueabi/bin:/opt/Xilinx/SDK/2018.3/gnu/aarch32/lin/gcc-arm-none-eabi/bin:/opt/Xilinx/SDK/2018.3/gnu/aarch64/lin/aarch64-linux/bin:/opt/Xilinx/SDK/2018.3/gnu/aarch64/lin/aarch64-none/bin:/opt/Xilinx/SDK/2018.3/gnu/armr5/lin/gcc-arm-none-eabi/bin:/opt/Xilinx/SDK/2018.3/tps/lnx64/cmake-3.3.2/bin:/opt/Xilinx/DocNav:/opt/ohpc/pub/mpi/openmpi-gnu/1.10.4/bin:/opt/ohpc/pub/compiler/gcc/5.4.0/bin:/usr/lib64/qt-3.3/bin:/usr/kerberos/sbin:/usr/kerberos/bin:/usr/local/bin:/usr/bin:/usr/local/sbin:/usr/sbin:/sbin:.:/opt/Bluespec/Bluespec-2016.07.beta1/lib/../bin:/eda/synopsys/2016-17/RHELx86/CORETOOLS_2016.09-SP2-2/bin:/eda/synopsys/2016-17/RHELx86/VCSMX_2016.06-SP2/bin:/eda/mentor/2016-17/RHELx86/QUESTA-CDC-FML_10.5b/linux_x86_64/bin:/eda/mentor/2016-17/RHELx86/QUESTA-CORE-PRIME_10.5c-4/questasim/bin:/eda/mentor/2016-17/RHELx86/QUESTA-INFACT_10.5c-2/infact/linux_x86_64/gcc_4.3.3/bin:/upb/departments/pc2/users/k/kenter/bin
MAIL=/var/spool/mail/kenter
LMOD_SETTARG_CMD=:
AMDAPPSDKROOT=/opt/AMDAPPSDK-3.0
PWD=/upb/scratch/departments/pc2/groups/pc2-mitarbeiter/kenter/gitlab/OpenCL-FPGA-examples
PC2SW=/upb/departments/pc2/software
XILINX_XRT=/opt/xilinx/xrt
XIL_CHECK_TCL_DEBUG=False
VCS_HOME=/eda/synopsys/2016-17/RHELx86/VCSMX_2016.06-SP2
SNPS_CT=/eda/synopsys/2016-17/RHELx86/CORETOOLS_2016.09-SP2-2
_LMFILES_=/opt/ohpc/pub/modulefiles/dot:/opt/ohpc/pub/modulefiles/pc2fs/pc2fs:/opt/ohpc/pub/modulefiles/default-environment:/opt/ohpc/pub/modulefiles/gnu/5.4.0:/opt/ohpc/pub/moduledeps/gnu/openmpi/1.10.4
LANG=en_US.UTF-8
XILINX_VIVADO_HLS=/opt/Xilinx/Vivado/2018.3
MODULEPATH=/opt/ohpc/pub/moduledeps/gnu-openmpi:/opt/ohpc/pub/moduledeps/gnu:/opt/ohpc/admin/lmod/lmod/modulefiles:/opt/ohpc/pub/modulefiles
HDI_APPROOT=/opt/Xilinx/SDx/2018.3
_ModuleTable_Sz_=4
LOADEDMODULES=dot:pc2fs/pc2fs:default-environment:gnu/5.4.0:openmpi/1.10.4
MODEL_TECH=/eda/mentor/2016-17/RHELx86/QUESTA-CORE-PRIME_10.5c-4/questasim/bin
LMOD_CMD=/opt/ohpc/admin/lmod/lmod/libexec/lmod
LM_LICENSE_FILE=27000@kiso.uni-paderborn.de
XILINX_VIVADO=/opt/Xilinx/Vivado/2018.3
HISTCONTROL=ignoredups
SSH_ASKPASS=/usr/libexec/openssh/gnome-ssh-askpass
XILINX_SDK=/opt/Xilinx/SDK/2018.3
XILINX_OPENCL=/opt/Xilinx/SDx/2018.3
ISL_IOSTREAMS_RSA=/opt/Xilinx/SDx/2018.3/tps/isl
HOME=/upb/departments/pc2/users/k/kenter
SHLVL=4
HOME_0IN=/eda/mentor/2016-17/RHELx86/QUESTA-CDC-FML_10.5b/linux_x86_64
RDI_BASEROOT=/opt/Xilinx/SDx
RDI_APPROOT=/opt/Xilinx/SDx/2018.3
_ModuleTable002_=Il09ImRlZmF1bHQtZW52aXJvbm1lbnQiLFsic3RhdHVzIl09ImFjdGl2ZSIsfSxkb3Q9e1siRk4iXT0iL29wdC9vaHBjL3B1Yi9tb2R1bGVmaWxlcy9kb3QiLFsiZGVmYXVsdCJdPTAsWyJmdWxsTmFtZSJdPSJkb3QiLFsibG9hZE9yZGVyIl09MSxwcm9wVD17fSxbInNob3J0Il09ImRvdCIsWyJzdGF0dXMiXT0iYWN0aXZlIix9LGdudT17WyJGTiJdPSIvb3B0L29ocGMvcHViL21vZHVsZWZpbGVzL2dudS81LjQuMCIsWyJkZWZhdWx0Il09MSxbImZ1bGxOYW1lIl09ImdudS81LjQuMCIsWyJsb2FkT3JkZXIiXT00LHByb3BUPXt9LFsic2hvcnQiXT0iZ251IixbInN0YXR1cyJdPSJhY3RpdmUiLH0sb3Blbm1waT17WyJGTiJdPSIvb3B0L29ocGMvcHViL21vZHVsZWRlcHMvZ251
MPI_DIR=/opt/ohpc/pub/mpi/openmpi-gnu/1.10.4
SNPS_LICENSE_FILE=27000@license2.uni-paderborn.de
BASH_ENV=/opt/ohpc/admin/lmod/lmod/init/bash
LOGNAME=kenter
RDI_JAVA_PLATFORM=
MGLS_LICENSE_FILE=27000@kiso.uni-paderborn.de:27000@license2.uni-paderborn.de
QTLIB=/usr/lib64/qt-3.3/lib
LC_CTYPE=C
SSH_CONNECTION=131.234.217.101 57902 131.234.58.19 22
RDI_BINROOT=/opt/Xilinx/SDx/2018.3/bin
MODULESHOME=/opt/ohpc/admin/lmod/lmod
LESSOPEN=||/usr/bin/lesspipe.sh %s
PKG_CONFIG_PATH=/opt/ohpc/pub/mpi/openmpi-gnu/1.10.4/lib/pkgconfig
XILINX_SDX=/opt/Xilinx/SDx/2018.3
LMOD_FAMILY_COMPILER=gnu
INFACT_CXX=gcc_4.3.3
LMOD_FULL_SETTARG_SUPPORT=no
RDI_PROG=/opt/Xilinx/SDx/2018.3/bin/unwrapped/lnx64.o/xocc
MM=/upb/scratch/departments/pc2/groups/pc2-mitarbeiter/kenter/gitlab/AlteraDesigns/exm_opencl_matrix_mult_x64_linux/matrix_mult
XIL_NO_OVERRIDE=0
XIL_SUPPRESS_OVERRIDE_WARNINGS=1
XILINX_PLANAHEAD=/opt/Xilinx/SDx/2018.3
LMOD_DIR=/opt/ohpc/admin/lmod/lmod/libexec
INCLUDE=/opt/ohpc/pub/compiler/gcc/5.4.0/include
HDIPRELDPATH=/opt/Xilinx/SDx/2018.3/lib/lnx64.o/Default:/opt/Xilinx/SDx/2018.3/lib/lnx64.o:/opt/Xilinx/SDx/2018.3/lib/lnx64.o/Default:/opt/Xilinx/SDx/2018.3/lib/lnx64.o:/opt/Xilinx/SDx/2018.3/runtime/lib/x86_64:/opt/ohpc/pub/mpi/openmpi-gnu/1.10.4/lib:/opt/ohpc/pub/compiler/gcc/5.4.0/lib64:/opt/Xilinx/SDx/2018.3/bin/../lnx64/tools/dot/lib
MIDG=/upb/scratch/departments/pc2/groups/pc2-mitarbeiter/kenter/gitlab/HighPerMeshes/Sandbox_DG/MIDG2_OpenCL_channels_v2
BLUESPEC_HOME=/opt/Bluespec/Bluespec-2016.07.beta1
LMOD_COLORIZE=no
LMOD_FAMILY_MPI=openmpi
RDI_INSTALLVER=2018.3
RDI_DATADIR=/opt/Xilinx/SDx/2018.3/data
INFACT_HOME=/eda/mentor/2016-17/RHELx86/QUESTA-INFACT_10.5c-2/infact
RDI_INSTALLROOT=/opt/Xilinx
BASH_FUNC_module()=() {  eval $($LMOD_CMD bash "$@");
 [ $? = 0 ] && eval $(${LMOD_SETTARG_CMD:-:} -s sh)
}
BASH_FUNC_ml()=() {  eval $($LMOD_DIR/ml_cmd "$@")
}
_=/opt/Xilinx/SDx/2018.3/bin/unwrapped/lnx64.o/xocc
XILINX_RS_PORT=33560
XILINX_RS_SESSION=dd9e92b8-32cb-4bd9-8c36-6b71e5509f9c


XOCC command line :
------------------------------------------
/opt/Xilinx/SDx/2018.3/bin/unwrapped/lnx64.o/xocc -g -R 2 -s --platform=alpha-data_adm-pcie-8k5_dynamic_5_0 --memory_port_data_width all:512 -c device/matrix_mult.cl -o matrix_mult.xo 
  Options from -O      :  --xp "vivado_prop:run.__KERNEL__.{STEPS.SYNTH_DESIGN.ARGS.MORE OPTIONS}={-directive sdx_optimization_effort_high}" --xp vivado_param:project.writeIntermediateCheckpoints=1 --xp "misc:report=type report_utilization name synth_report_utilization_summary steps {synth_design} runs {__KERNEL__} options {}" --xp "misc:report=type report_utilization name impl_report_utilization_init_design_summary steps {init_design} runs {impl_1} options {}" --xp "misc:report=type report_timing_summary name impl_report_timing_summary_init_design_summary steps {init_design} runs {impl_1} options {-max_paths 10}" --xp "param:compiler.reportFailfast=pre_opt_design {__KERNEL_NAMES__} post_opt_design {__OCL_TOP__} post_route_design {__SLR__}" --xp "misc:report=type report_io name impl_report_io_place_design_summary steps {place_design} runs {impl_1} options {}" --xp "misc:report=type report_utilization name impl_report_utilization_place_design_summary steps {place_design} runs {impl_1} options {}" --xp "misc:report=type report_control_sets name impl_report_control_sets_place_design_summary steps {place_design} runs {impl_1} options {-verbose}" --xp "misc:report=type report_timing_summary name impl_report_timing_summary_place_design_summary steps {place_design} runs {impl_1} options {-max_paths 10}" --xp "misc:report=type report_drc name impl_report_drc_route_design_summary steps {route_design} runs {impl_1} options {}" --xp "misc:report=type report_methodology name impl_report_methodology_route_design_summary steps {route_design} runs {impl_1} options {}" --xp "misc:report=type report_power name impl_report_power_route_design_summary steps {route_design} runs {impl_1} options {}" --xp "misc:report=type report_route_status name impl_report_route_status_route_design_summary steps {route_design} runs {impl_1} options {}" --xp "misc:report=type report_timing_summary name impl_report_timing_summary_route_design_summary steps {route_design} runs {impl_1} options {-max_paths 10}" --xp "misc:report=type report_clock_utilization name impl_report_clock_utilization_route_design_summary steps {route_design} runs {impl_1} options {}" --xp "misc:report=type report_bus_skew name impl_report_bus_skew_route_design_summary steps {route_design} runs {impl_1} options {-warn_on_violation}"
  Options from xocc.ini: 
  Options from DSA     : 

Target platform : /opt/Xilinx/SDx/2018.3/platforms/alpha-data_adm-pcie-8k5_dynamic_5_0/alpha-data_adm-pcie-8k5_dynamic_5_0.xpfm


------------------------------------------
XOCC internal step: running clang to generate .clc.00.bc
timestamp: 24 Mar 2019 18:35:21
launch dir: /upb/scratch/departments/pc2/groups/pc2-mitarbeiter/kenter/gitlab/OpenCL-FPGA-examples/_x/matrix_mult/matrixMult/matrixMult
cmd: /opt/Xilinx/Vivado/2018.3/lnx64/tools/clang-3.9-csynth/bin/clang -fhls -mllvm -hls-bitcode-version=3.1 -mllvm -hls-top-function-name=matrixMult -D__SYNTHESIS__ -fno-exceptions -D__llvm__ -Wall /upb/scratch/departments/pc2/groups/pc2-mitarbeiter/kenter/gitlab/OpenCL-FPGA-examples/device/matrix_mult.cl -fno-math-errno -c -emit-llvm -mllvm -disable-llvm-optzns -mllvm -xcl-xmlinfo=/upb/scratch/departments/pc2/groups/pc2-mitarbeiter/kenter/gitlab/OpenCL-FPGA-examples/_x/matrix_mult/matrixMult/matrixMult/kernel.xml -Xclang -mlink-opencl-bitcode -Xclang /opt/Xilinx/Vivado/2018.3/lnx64/lib/libspir64-39-hls.bc -mllvm -hls-maxi-max-data-size-in-bits=512 -mllvm -hls-maxi-data-size-in-bits=512 -include /opt/Xilinx/Vivado/2018.3/bin/../include/clc.h -include /opt/Xilinx/Vivado/2018.3/bin/../include/etc/autopilot_ssdm_op.h -cl-kernel-arg-info -std=CL1.2 -fgnu89-inline -D__openclc -target spir64-unknown-unknown  -g -g -o /upb/scratch/departments/pc2/groups/pc2-mitarbeiter/kenter/gitlab/OpenCL-FPGA-examples/_x/matrix_mult/matrixMult/matrixMult/matrixMult.clc.00.bc
status: success
------------------------------------------
XOCC internal step: running xclkernelinfohash to update kernel.xml
timestamp: 24 Mar 2019 18:35:22
launch dir: /upb/scratch/departments/pc2/groups/pc2-mitarbeiter/kenter/gitlab/OpenCL-FPGA-examples/_x/matrix_mult/matrixMult/matrixMult
cmd: /opt/Xilinx/SDx/2018.3/bin/../runtime/bin/xclkernelinfohash_new /upb/scratch/departments/pc2/groups/pc2-mitarbeiter/kenter/gitlab/OpenCL-FPGA-examples/device/matrix_mult.cl /upb/scratch/departments/pc2/groups/pc2-mitarbeiter/kenter/gitlab/OpenCL-FPGA-examples/_x/matrix_mult/matrixMult/matrixMult/kernel.xml
status: success
------------------------------------------
step: performing high-level synthesis for kernel:matrixMult
timestamp: 24 Mar 2019 18:37:44
launch dir: /upb/scratch/departments/pc2/groups/pc2-mitarbeiter/kenter/gitlab/OpenCL-FPGA-examples/_x/matrix_mult/matrixMult
cmd: vivado_hls -f /upb/scratch/departments/pc2/groups/pc2-mitarbeiter/kenter/gitlab/OpenCL-FPGA-examples/_x/matrix_mult/matrixMult/matrixMult.tcl -messageDb vivado_hls.pb
------------------------------------------
XOCC internal step: generating system estimate report file
timestamp: 24 Mar 2019 18:37:45
output: /upb/scratch/departments/pc2/groups/pc2-mitarbeiter/kenter/gitlab/OpenCL-FPGA-examples/_x/reports/matrix_mult/system_estimate_matrix_mult.xtxt
