aoc -rtl -report -v -board=p520_max_sg280l -fp-relaxed -fpc device/SAXPY3_ivdep.cl
aoc: Environment checks are completed successfully.
aoc: Cached files in /var/tmp/aocl/ may be used to reduce compilation time
aoc: Selected target board p520_max_sg280l
aoc: Running OpenCL parser....
aoc: OpenCL parser completed successfully.
aoc: Linking Object files....
aoc: Optimizing and doing static analysis of code...
aoc: Linking with IP library ...
Checking if memory usage is larger than 100%

!===========================================================================
! The report below may be inaccurate. A more comprehensive           
! resource usage report can be found at SAXPY3_ivdep/reports/report.html    
!===========================================================================

+--------------------------------------------------------------------+
; Estimated Resource Usage Summary                                   ;
+----------------------------------------+---------------------------+
; Resource                               + Usage                     ;
+----------------------------------------+---------------------------+
; Logic utilization                      ;   71%                     ;
; ALUTs                                  ;   37%                     ;
; Dedicated logic registers              ;   36%                     ;
; Memory blocks                          ;   33%                     ;
; DSP blocks                             ;   29%                     ;
+----------------------------------------+---------------------------;
aoc: First stage compilation completed successfully.
