aoc -rtl -report -v -board=p520_max_sg280l -fp-relaxed -fpc device/matrix_mult.cl
aoc: Environment checks are completed successfully.
aoc: Cached files in /var/tmp/aocl/ may be used to reduce compilation time
aoc: Selected target board p520_max_sg280l
aoc: Running OpenCL parser....
aoc: OpenCL parser completed successfully.
aoc: Linking Object files....
aoc: Optimizing and doing static analysis of code...
aoc: Linking with IP library ...
Checking if memory usage is larger than 100%
Compiler Warning: /upb/scratch/departments/pc2/groups/pc2-mitarbeiter/kenter/gitlab/OpenCL-FPGA-examples/device/matrix_mult.cl:108: declaring global arguments 'A' and 'B' with no 'restrict' may lead to low performance for kernel 'matrixMult'

!===========================================================================
! The report below may be inaccurate. A more comprehensive           
! resource usage report can be found at matrix_mult/reports/report.html    
!===========================================================================

+--------------------------------------------------------------------+
; Estimated Resource Usage Summary                                   ;
+----------------------------------------+---------------------------+
; Resource                               + Usage                     ;
+----------------------------------------+---------------------------+
; Logic utilization                      ;   82%                     ;
; ALUTs                                  ;   40%                     ;
; Dedicated logic registers              ;   44%                     ;
; Memory blocks                          ;   46%                     ;
; DSP blocks                             ;   52%                     ;
+----------------------------------------+---------------------------;
aoc: First stage compilation completed successfully.
